#
# There is insufficient memory for the Java Runtime Environment to continue.
# Native memory allocation (malloc) failed to allocate 1048576 bytes for AllocateHeap
# Possible reasons:
#   The system is out of physical RAM or swap space
#   In 32 bit mode, the process size limit was hit
# Possible solutions:
#   Reduce memory load on the system
#   Increase physical memory or swap space
#   Check if swap backing store is full
#   Use 64 bit Java on a 64 bit OS
#   Decrease Java heap size (-Xmx/-Xms)
#   Decrease number of Java threads
#   Decrease Java thread stack sizes (-Xss)
#   Set larger code cache with -XX:ReservedCodeCacheSize=
# This output file may be truncated or incomplete.
#
#  Out of Memory Error (memory/allocation.inline.hpp:61), pid=17124, tid=0x0000000000003eb4
#
# JRE version:  (8.0_112-b06) (build )
# Java VM: OpenJDK 64-Bit Server VM (25.112-b06 mixed mode windows-amd64 compressed oops)
# Failed to write core dump. Minidumps are not enabled by default on client versions of Windows
#

---------------  T H R E A D  ---------------

Current thread (0x000000000284e000):  JavaThread "Unknown thread" [_thread_in_vm, id=16052, stack(0x0000000002cf0000,0x0000000002df0000)]

Stack: [0x0000000002cf0000,0x0000000002df0000]
[error occurred during error reporting (printing stack bounds), id 0xc0000005]

Native frames: (J=compiled Java code, j=interpreted, Vv=VM code, C=native code)


---------------  P R O C E S S  ---------------

Java Threads: ( => current thread )

Other Threads:

=>0x000000000284e000 (exited) JavaThread "Unknown thread" [_thread_in_vm, id=16052, stack(0x0000000002cf0000,0x0000000002df0000)]

VM state:not at safepoint (normal execution)

VM Mutex/Monitor currently owned by a thread: None

Heap:
 PSYoungGen      total 38400K, used 665K [0x00000000eab00000, 0x00000000ed580000, 0x0000000100000000)
  eden space 33280K, 2% used [0x00000000eab00000,0x00000000eaba6670,0x00000000ecb80000)
  from space 5120K, 0% used [0x00000000ed080000,0x00000000ed080000,0x00000000ed580000)
  to   space 5120K, 0% used [0x00000000ecb80000,0x00000000ecb80000,0x00000000ed080000)
 ParOldGen       total 87552K, used 0K [0x00000000c0000000, 0x00000000c5580000, 0x00000000eab00000)
  object space 87552K, 0% used [0x00000000c0000000,0x00000000c0000000,0x00000000c5580000)
 Metaspace       used 772K, capacity 4480K, committed 4480K, reserved 1056768K
  class space    used 73K, capacity 384K, committed 384K, reserved 1048576K

Card table byte_map: [0x00000000122b0000,0x00000000124c0000] byte_map_base: 0x0000000011cb0000

Marking Bits: (ParMarkBitMap*) 0x00000000639518f0
 Begin Bits: [0x0000000012e20000, 0x0000000013e20000)
 End Bits:   [0x0000000013e20000, 0x0000000014e20000)

Polling page: 0x0000000001000000

CodeCache: size=245760Kb used=328Kb max_used=328Kb free=245431Kb
 bounds [0x0000000002ef0000, 0x0000000003160000, 0x0000000011ef0000]
 total_blobs=57 nmethods=0 adapters=38
 compilation: enabled

Compilation events (0 events):
No events

GC Heap History (0 events):
No events

Deoptimization events (0 events):
No events

Internal exceptions (0 events):
No events

Events (10 events):
Event: 0.029 loading class java/lang/Short
Event: 0.029 loading class java/lang/Short done
Event: 0.029 loading class java/lang/Integer
Event: 0.029 loading class java/lang/Integer done
Event: 0.029 loading class java/lang/Long
Event: 0.029 loading class java/lang/Long done
Event: 0.030 loading class java/lang/NullPointerException
Event: 0.030 loading class java/lang/NullPointerException done
Event: 0.030 loading class java/lang/ArithmeticException
Event: 0.030 loading class java/lang/ArithmeticException done


Dynamic libraries:
0x00007ff7ec4d0000 - 0x00007ff7ec501000 	E:\DevelopEnvirment\Android_Studio\jre\bin\java.exe
0x00007ffe32b30000 - 0x00007ffe32d0b000 	C:\Windows\SYSTEM32\ntdll.dll
0x00007ffe32490000 - 0x00007ffe3253e000 	C:\Windows\System32\KERNEL32.DLL
0x00007ffe2f500000 - 0x00007ffe2f749000 	C:\Windows\System32\KERNELBASE.dll
0x00007ffe30850000 - 0x00007ffe308f1000 	C:\Windows\System32\ADVAPI32.dll
0x00007ffe307b0000 - 0x00007ffe3084d000 	C:\Windows\System32\msvcrt.dll
0x00007ffe32540000 - 0x00007ffe32599000 	C:\Windows\System32\sechost.dll
0x00007ffe32360000 - 0x00007ffe32485000 	C:\Windows\System32\RPCRT4.dll
0x00007ffe30230000 - 0x00007ffe3037a000 	C:\Windows\System32\USER32.dll
0x00007ffe2f330000 - 0x00007ffe2f34e000 	C:\Windows\System32\win32u.dll
0x00007ffe32b00000 - 0x00007ffe32b27000 	C:\Windows\System32\GDI32.dll
0x00007ffe2f800000 - 0x00007ffe2f987000 	C:\Windows\System32\gdi32full.dll
0x00007ffe2f050000 - 0x00007ffe2f0ea000 	C:\Windows\System32\msvcp_win.dll
0x00007ffe2f350000 - 0x00007ffe2f446000 	C:\Windows\System32\ucrtbase.dll
0x00007ffe215c0000 - 0x00007ffe21827000 	C:\Windows\WinSxS\amd64_microsoft.windows.common-controls_6595b64144ccf1df_6.0.15063.483_none_26002d27e7c744a2\COMCTL32.dll
0x00007ffe31de0000 - 0x00007ffe320d9000 	C:\Windows\System32\combase.dll
0x00007ffe2f0f0000 - 0x00007ffe2f15a000 	C:\Windows\System32\bcryptPrimitives.dll
0x00007ffe30580000 - 0x00007ffe305ad000 	C:\Windows\System32\IMM32.DLL
0x0000000063f90000 - 0x0000000064062000 	E:\DevelopEnvirment\Android_Studio\jre\jre\bin\msvcr100.dll
0x0000000063190000 - 0x00000000639cc000 	E:\DevelopEnvirment\Android_Studio\jre\jre\bin\server\jvm.dll
0x00007ffe31db0000 - 0x00007ffe31db8000 	C:\Windows\System32\PSAPI.DLL
0x00007ffe1eab0000 - 0x00007ffe1eab9000 	C:\Windows\SYSTEM32\WSOCK32.dll
0x00007ffe30900000 - 0x00007ffe3096c000 	C:\Windows\System32\WS2_32.dll
0x00007ffe29900000 - 0x00007ffe2990a000 	C:\Windows\SYSTEM32\VERSION.dll
0x00007ffe28330000 - 0x00007ffe28353000 	C:\Windows\SYSTEM32\WINMM.dll
0x00007ffe28090000 - 0x00007ffe280bb000 	C:\Windows\SYSTEM32\WINMMBASE.dll
0x00007ffe2f7b0000 - 0x00007ffe2f7f9000 	C:\Windows\System32\cfgmgr32.dll
0x00007ffe26fb0000 - 0x00007ffe26fbf000 	E:\DevelopEnvirment\Android_Studio\jre\jre\bin\verify.dll
0x00007ffe1c460000 - 0x00007ffe1c489000 	E:\DevelopEnvirment\Android_Studio\jre\jre\bin\java.dll
0x00007ffe1c440000 - 0x00007ffe1c456000 	E:\DevelopEnvirment\Android_Studio\jre\jre\bin\zip.dll

VM Arguments:
jvm_args: -Djava.awt.headless=true -Xmx1024M -Dfile.encoding=GBK -Duser.country=CN -Duser.language=zh -Duser.variant 
java_command: com.android.dx.command.Main --dex --force-jumbo --num-threads=4 --multi-dex --output E:\WorkSpace\StuExpress\app\build\intermediates\transforms\dex\debug\folders\1000\10000\instant-run-bootstrap_65b1d4b3b09b39b506758b0938aca79d98da6e9e E:\WorkSpace\StuExpress\app\build\intermediates\incremental-classes\debug\instant-run-bootstrap.jar
java_class_path (initial): C:\Users\Chenbo\AppData\Local\Android\Sdk\build-tools\25.0.0\lib\dx.jar
Launcher Type: SUN_STANDARD

Environment Variables:
JAVA_HOME=E:\DevelopEnvirment\Java\jdk
CLASSPATH=.;%JAVA_HOME%\lib;%JAVA_HOME%\lib\tools.jar
PATH=C:\ProgramData\Oracle\Java\javapath;C:\Program Files (x86)\Intel\iCLS Client\;C:\Program Files\Intel\iCLS Client\;C:\Windows\system32;C:\Windows;C:\Windows\System32\Wbem;C:\Windows\System32\WindowsPowerShell\v1.0\;C:\Program Files (x86)\NVIDIA Corporation\PhysX\Common;C:\Program Files (x86)\Intel\Intel(R) Management Engine Components\DAL;C:\Program Files\Intel\Intel(R) Management Engine Components\DAL;C:\Program Files (x86)\Intel\Intel(R) Management Engine Components\IPT;C:\Program Files\Intel\Intel(R) Management Engine Components\IPT;C:\Program Files (x86)\Windows Kits\8.1\Windows Performance Toolkit\;C:\Program Files\Microsoft SQL Server\110\Tools\Binn\;%OPENCV300%\x86\vc12\bin\;E:\DevelopEnvirment\Opencv2_4_10\opencv\build\x86\vc12\bin\;%JAVA_HOME%\bin;%JAVA_HOME%\jre\bin;E:\DevelopEnvirment\Adnroid_SDK\platform-tools;E:\DevelopEnvirment\matlab2016a\runtime\win64;E:\DevelopEnvirment\matlab2016a\bin;E:\DevelopEnvirment\matlab2016a\polyspace\bin;E:\DevelopEnvirment\Python27;E:\DevelopEnvirment\Git\cmd;E:\DevelopEnvirment\Python36\Scripts\;E:\DevelopEnvirment\Python36\;C:\Users\Chenbo\AppData\Local\Microsoft\WindowsApps;
USERNAME=Chenbo
OS=Windows_NT
PROCESSOR_IDENTIFIER=Intel64 Family 6 Model 158 Stepping 9, GenuineIntel



---------------  S Y S T E M  ---------------

OS: Windows 10.0 , 64 bit Build 15063 (10.0.15063.296)

CPU:total 8 (4 cores per cpu, 2 threads per core) family 6 model 158 stepping 9, cmov, cx8, fxsr, mmx, sse, sse2, sse3, ssse3, sse4.1, sse4.2, popcnt, avx, avx2, aes, clmul, erms, 3dnowpref, lzcnt, ht, tsc, tscinvbit, bmi1, bmi2, adx

Memory: 4k page, physical 8260772k(827092k free), swap 12371336k(5988k free)

vm_info: OpenJDK 64-Bit Server VM (25.112-b06) for windows-amd64 JRE (1.8.0_112-release-b06), built on Dec  8 2016 00:54:26 by "builder" with MS VC++ 10.0 (VS2010)

time: Fri Nov 17 15:30:46 2017
elapsed time: 0 seconds (0d 0h 0m 0s)

